<?xml version="1.0" encoding="UTF-8"?>
<!-- Generated by org.testng.reporters.JUnitReportReporter -->
<testsuite hostname="DESKTOP-Q6GI85V" failures="0" tests="4" name="RestApi1.Main" time="3.229" errors="0" timestamp="2023-12-07T22:09:14 BDT" skipped="0">
  <testcase classname="RestApi1.Main" name="getUsers" time="0.136"/>
  <testcase classname="RestApi1.Main" name="createUser" time="1.926"/>
  <testcase classname="RestApi1.Main" name="deleteUser" time="0.693"/>
  <testcase classname="RestApi1.Main" name="updateUser" time="0.474"/>
</testsuite> <!-- RestApi1.Main -->
